d:\qt-projects\eclipse\ws\DXOverlaySource\DXOverlaySource\Release\cl.command.1.tlog
d:\qt-projects\eclipse\ws\DXOverlaySource\DXOverlaySource\Release\CL.read.1.tlog
d:\qt-projects\eclipse\ws\DXOverlaySource\DXOverlaySource\Release\CL.write.1.tlog
D:\QT-PROJECTS\ECLIPSE\WS\DXOVERLAYSOURCE\DXOVERLAYSOURCE\RELEASE\DLLMAIN.ASM
D:\QT-PROJECTS\ECLIPSE\WS\DXOVERLAYSOURCE\DXOVERLAYSOURCE\RELEASE\DLLMAIN.OBJ
D:\QT-PROJECTS\ECLIPSE\WS\DXOVERLAYSOURCE\DXOVERLAYSOURCE\RELEASE\DXOVERLAYSOURCE.ASM
D:\QT-PROJECTS\ECLIPSE\WS\DXOVERLAYSOURCE\DXOVERLAYSOURCE\RELEASE\DXOVERLAYSOURCE.OBJ
d:\qt-projects\eclipse\ws\DXOverlaySource\DXOverlaySource\Release\DXOverlaySource.write.1.tlog
D:\QT-PROJECTS\ECLIPSE\WS\DXOVERLAYSOURCE\DXOVERLAYSOURCE\RELEASE\LIBMLSDXOVERLAYSOURCE.DLL.INTERMEDIATE.MANIFEST
D:\QT-PROJECTS\ECLIPSE\WS\DXOVERLAYSOURCE\DXOVERLAYSOURCE\RELEASE\LIBMLSDXOVERLAYSOURCE.PCH
d:\qt-projects\eclipse\ws\DXOverlaySource\DXOverlaySource\Release\link.command.1.tlog
d:\qt-projects\eclipse\ws\DXOverlaySource\DXOverlaySource\Release\link.read.1.tlog
d:\qt-projects\eclipse\ws\DXOverlaySource\DXOverlaySource\Release\link.write.1.tlog
d:\qt-projects\eclipse\ws\DXOverlaySource\DXOverlaySource\Release\mt.command.1.tlog
d:\qt-projects\eclipse\ws\DXOverlaySource\DXOverlaySource\Release\mt.read.1.tlog
d:\qt-projects\eclipse\ws\DXOverlaySource\DXOverlaySource\Release\mt.write.1.tlog
D:\QT-PROJECTS\ECLIPSE\WS\DXOVERLAYSOURCE\DXOVERLAYSOURCE\RELEASE\SOURCE_EXPORT.ASM
D:\QT-PROJECTS\ECLIPSE\WS\DXOVERLAYSOURCE\DXOVERLAYSOURCE\RELEASE\SOURCE_EXPORT.OBJ
D:\QT-PROJECTS\ECLIPSE\WS\DXOVERLAYSOURCE\DXOVERLAYSOURCE\RELEASE\STDAFX.ASM
D:\QT-PROJECTS\ECLIPSE\WS\DXOVERLAYSOURCE\DXOVERLAYSOURCE\RELEASE\STDAFX.OBJ
D:\QT-PROJECTS\ECLIPSE\WS\DXOVERLAYSOURCE\DXOVERLAYSOURCE\RELEASE\VC100.PDB
D:\QT-PROJECTS\ECLIPSE\WS\DXOVERLAYSOURCE\RELEASE\LIBMLSDXOVERLAYSOURCE.DLL
D:\qt-projects\eclipse\ws\DXOverlaySource\Release\libmlsdxoverlaysource.exp
D:\qt-projects\eclipse\ws\DXOverlaySource\Release\libmlsdxoverlaysource.lib
D:\QT-PROJECTS\ECLIPSE\WS\DXOVERLAYSOURCE\RELEASE\LIBMLSDXOVERLAYSOURCE.PDB
