D:\QT-PROJECTS\ECLIPSE\WS\DIRECTSHOWCAPTURE\DEBUG\DIRECTSHOWCAPTURE.DLL
D:\qt-projects\eclipse\ws\DirectShowCapture\Debug\DirectShowCapture.exp
D:\QT-PROJECTS\ECLIPSE\WS\DIRECTSHOWCAPTURE\DEBUG\DIRECTSHOWCAPTURE.ILK
D:\qt-projects\eclipse\ws\DirectShowCapture\Debug\DirectShowCapture.lib
D:\QT-PROJECTS\ECLIPSE\WS\DIRECTSHOWCAPTURE\DEBUG\DIRECTSHOWCAPTURE.PDB
D:\QT-PROJECTS\ECLIPSE\WS\DIRECTSHOWCAPTURE\DIRECTSHOWDLL\DEBUG\DIRECTSHOWCAPTURE.DLL.EMBED.MANIFEST
D:\QT-PROJECTS\ECLIPSE\WS\DIRECTSHOWCAPTURE\DIRECTSHOWDLL\DEBUG\DIRECTSHOWCAPTURE.DLL.EMBED.MANIFEST.RES
D:\QT-PROJECTS\ECLIPSE\WS\DIRECTSHOWCAPTURE\DIRECTSHOWDLL\DEBUG\DIRECTSHOWCAPTURE.DLL.INTERMEDIATE.MANIFEST
D:\QT-PROJECTS\ECLIPSE\WS\DIRECTSHOWCAPTURE\DIRECTSHOWDLL\DEBUG\DLLMAIN.OBJ
D:\QT-PROJECTS\ECLIPSE\WS\DIRECTSHOWCAPTURE\DIRECTSHOWDLL\DEBUG\DSCAPTURE.OBJ
D:\QT-PROJECTS\ECLIPSE\WS\DIRECTSHOWCAPTURE\DIRECTSHOWDLL\DEBUG\EXPORT.OBJ
D:\QT-PROJECTS\ECLIPSE\WS\DIRECTSHOWCAPTURE\DIRECTSHOWDLL\DEBUG\SOURCE_EXPORT.OBJ
D:\QT-PROJECTS\ECLIPSE\WS\DIRECTSHOWCAPTURE\DIRECTSHOWDLL\DEBUG\VC100.PDB
D:\QT-PROJECTS\ECLIPSE\WS\DIRECTSHOWCAPTURE\DIRECTSHOWDLL\DEBUG\VIDEO_CAPTURE_DS.OBJ
D:\qt-projects\eclipse\ws\DirectShowSource\Debug\DirectShowCapture.dll
D:\qt-projects\eclipse\ws\DirectShowSource\Debug\DirectShowCapture.ilk
D:\qt-projects\eclipse\ws\DirectShowSource\Debug\DirectShowCapture.pdb
d:\qt-projects\eclipse\ws\DirectShowSource\DirectShowDLL\Debug\cl.command.1.tlog
d:\qt-projects\eclipse\ws\DirectShowSource\DirectShowDLL\Debug\CL.read.1.tlog
d:\qt-projects\eclipse\ws\DirectShowSource\DirectShowDLL\Debug\CL.write.1.tlog
d:\qt-projects\eclipse\ws\DirectShowSource\DirectShowDLL\Debug\DirectShowCapture.dll.embed.manifest
d:\qt-projects\eclipse\ws\DirectShowSource\DirectShowDLL\Debug\DirectShowCapture.dll.embed.manifest.res
d:\qt-projects\eclipse\ws\DirectShowSource\DirectShowDLL\Debug\DirectShowCapture.dll.intermediate.manifest
d:\qt-projects\eclipse\ws\DirectShowSource\DirectShowDLL\Debug\DirectShowCapture.write.1.tlog
d:\qt-projects\eclipse\ws\DirectShowSource\DirectShowDLL\Debug\DirectShowCapture_manifest.rc
d:\qt-projects\eclipse\ws\DirectShowSource\DirectShowDLL\Debug\dllmain.obj
d:\qt-projects\eclipse\ws\DirectShowSource\DirectShowDLL\Debug\DSCapture.obj
d:\qt-projects\eclipse\ws\DirectShowSource\DirectShowDLL\Debug\export.obj
d:\qt-projects\eclipse\ws\DirectShowSource\DirectShowDLL\Debug\link.4288.read.1.tlog
d:\qt-projects\eclipse\ws\DirectShowSource\DirectShowDLL\Debug\link.4288.write.1.tlog
d:\qt-projects\eclipse\ws\DirectShowSource\DirectShowDLL\Debug\link.4288-cvtres.read.1.tlog
d:\qt-projects\eclipse\ws\DirectShowSource\DirectShowDLL\Debug\link.4288-cvtres.write.1.tlog
d:\qt-projects\eclipse\ws\DirectShowSource\DirectShowDLL\Debug\link.command.1.tlog
d:\qt-projects\eclipse\ws\DirectShowSource\DirectShowDLL\Debug\link.read.1.tlog
d:\qt-projects\eclipse\ws\DirectShowSource\DirectShowDLL\Debug\link.write.1.tlog
d:\qt-projects\eclipse\ws\DirectShowSource\DirectShowDLL\Debug\link-cvtres.read.1.tlog
d:\qt-projects\eclipse\ws\DirectShowSource\DirectShowDLL\Debug\link-cvtres.write.1.tlog
d:\qt-projects\eclipse\ws\DirectShowSource\DirectShowDLL\Debug\mt.command.1.tlog
d:\qt-projects\eclipse\ws\DirectShowSource\DirectShowDLL\Debug\mt.read.1.tlog
d:\qt-projects\eclipse\ws\DirectShowSource\DirectShowDLL\Debug\mt.write.1.tlog
d:\qt-projects\eclipse\ws\DirectShowSource\DirectShowDLL\Debug\rc.command.1.tlog
d:\qt-projects\eclipse\ws\DirectShowSource\DirectShowDLL\Debug\rc.read.1.tlog
d:\qt-projects\eclipse\ws\DirectShowSource\DirectShowDLL\Debug\rc.write.1.tlog
d:\qt-projects\eclipse\ws\DirectShowSource\DirectShowDLL\Debug\source_export.obj
d:\qt-projects\eclipse\ws\DirectShowSource\DirectShowDLL\Debug\vc100.idb
d:\qt-projects\eclipse\ws\DirectShowSource\DirectShowDLL\Debug\vc100.pdb
d:\qt-projects\eclipse\ws\DirectShowSource\DirectShowDLL\Debug\video_capture_ds.obj
