D:\MEDIAQUICKSYNC\DIRECTSHOWDLL\DEBUG\DIRECTSHOWDLL.DLL
D:\MediaQuickSync\DirectShowDLL\Debug\DirectShowDLL.exp
D:\MEDIAQUICKSYNC\DIRECTSHOWDLL\DEBUG\DIRECTSHOWDLL.ILK
D:\MediaQuickSync\DirectShowDLL\Debug\DirectShowDLL.lib
D:\MEDIAQUICKSYNC\DIRECTSHOWDLL\DEBUG\DIRECTSHOWDLL.PDB
D:\MediaQuickSync\DirectShowDLL\DirectShowDLL\Debug\cl.command.1.tlog
D:\MediaQuickSync\DirectShowDLL\DirectShowDLL\Debug\CL.read.1.tlog
D:\MediaQuickSync\DirectShowDLL\DirectShowDLL\Debug\CL.write.1.tlog
D:\MEDIAQUICKSYNC\DIRECTSHOWDLL\DIRECTSHOWDLL\DEBUG\DIRECTSHOWDLL.DLL.EMBED.MANIFEST
D:\MEDIAQUICKSYNC\DIRECTSHOWDLL\DIRECTSHOWDLL\DEBUG\DIRECTSHOWDLL.DLL.EMBED.MANIFEST.RES
D:\MEDIAQUICKSYNC\DIRECTSHOWDLL\DIRECTSHOWDLL\DEBUG\DIRECTSHOWDLL.DLL.INTERMEDIATE.MANIFEST
D:\MEDIAQUICKSYNC\DIRECTSHOWDLL\DIRECTSHOWDLL\DEBUG\DIRECTSHOWDLL.OBJ
D:\MEDIAQUICKSYNC\DIRECTSHOWDLL\DIRECTSHOWDLL\DEBUG\DIRECTSHOWDLL.PCH
D:\MediaQuickSync\DirectShowDLL\DirectShowDLL\Debug\DirectShowDLL.write.1.tlog
D:\MediaQuickSync\DirectShowDLL\DirectShowDLL\Debug\DirectShowDLL_manifest.rc
D:\MEDIAQUICKSYNC\DIRECTSHOWDLL\DIRECTSHOWDLL\DEBUG\DLLMAIN.OBJ
D:\MediaQuickSync\DirectShowDLL\DirectShowDLL\Debug\link.7012.read.1.tlog
D:\MediaQuickSync\DirectShowDLL\DirectShowDLL\Debug\link.7012.write.1.tlog
D:\MediaQuickSync\DirectShowDLL\DirectShowDLL\Debug\link.7012-cvtres.read.1.tlog
D:\MediaQuickSync\DirectShowDLL\DirectShowDLL\Debug\link.7012-cvtres.write.1.tlog
D:\MediaQuickSync\DirectShowDLL\DirectShowDLL\Debug\link.command.1.tlog
D:\MediaQuickSync\DirectShowDLL\DirectShowDLL\Debug\link.read.1.tlog
D:\MediaQuickSync\DirectShowDLL\DirectShowDLL\Debug\link.write.1.tlog
D:\MediaQuickSync\DirectShowDLL\DirectShowDLL\Debug\link-cvtres.read.1.tlog
D:\MediaQuickSync\DirectShowDLL\DirectShowDLL\Debug\link-cvtres.write.1.tlog
D:\MediaQuickSync\DirectShowDLL\DirectShowDLL\Debug\mt.command.1.tlog
D:\MediaQuickSync\DirectShowDLL\DirectShowDLL\Debug\mt.read.1.tlog
D:\MediaQuickSync\DirectShowDLL\DirectShowDLL\Debug\mt.write.1.tlog
D:\MediaQuickSync\DirectShowDLL\DirectShowDLL\Debug\rc.command.1.tlog
D:\MediaQuickSync\DirectShowDLL\DirectShowDLL\Debug\rc.read.1.tlog
D:\MediaQuickSync\DirectShowDLL\DirectShowDLL\Debug\rc.write.1.tlog
D:\MEDIAQUICKSYNC\DIRECTSHOWDLL\DIRECTSHOWDLL\DEBUG\STDAFX.OBJ
D:\MediaQuickSync\DirectShowDLL\DirectShowDLL\Debug\vc100.idb
D:\MEDIAQUICKSYNC\DIRECTSHOWDLL\DIRECTSHOWDLL\DEBUG\VC100.PDB
