Build started 16.02.2013 12:11:53.
     1>Project "D:\qt-projects\eclipse\ws\DirectShowSource\DirectShowDLL\DirectShowDLL.vcxproj" on node 2 (rebuild target(s)).
     1>_PrepareForClean:
         Deleting file "Release\DirectShowCapture.lastbuildstate".
       InitializeBuildStatus:
         Creating "Release\DirectShowCapture.unsuccessfulbuild" because "AlwaysCreate" was specified.
       ClCompile:
         C:\Program Files (x86)\Microsoft Visual Studio 10.0\VC\bin\CL.exe /c /I"C:\Program Files (x86)\Microsoft DirectX 9.0 SDK (Summer 2004)\Include" /Zi /nologo /W3 /WX- /O2 /Ob2 /Oi /Ot /Oy- /GL /D WIN32 /D NDEBUG /D _WINDOWS /D _USRDLL /D DIRECTSHOWDLL_EXPORTS /D _WINDLL /D _MBCS /Gm- /EHsc /MD /GS /Gy /arch:SSE2 /fp:precise /Zc:wchar_t /Zc:forScope /Fo"Release\\" /Fd"Release\vc100.pdb" /Gd /TP /analyze- /errorReport:prompt dllmain.cpp
         dllmain.cpp
         C:\Program Files (x86)\Microsoft Visual Studio 10.0\VC\bin\CL.exe /c /I"C:\Program Files (x86)\Microsoft DirectX 9.0 SDK (Summer 2004)\Include" /Zi /nologo /W3 /WX- /O2 /Ob2 /Oi /Ot /Oy- /GL /D WIN32 /D NDEBUG /D _WINDOWS /D _USRDLL /D DIRECTSHOWDLL_EXPORTS /D _WINDLL /D _MBCS /Gm- /EHsc /MD /GS /Gy /arch:SSE2 /fp:precise /Zc:wchar_t /Zc:forScope /Fo"Release\\" /Fd"Release\vc100.pdb" /Gd /TP /analyze- /errorReport:prompt DSCapture.cpp source_export.cpp video_capture_ds.cpp
         DSCapture.cpp
     1>DSCapture.cpp(38): warning C4996: 'strerror': This function or variable may be unsafe. Consider using strerror_s instead. To disable deprecation, use _CRT_SECURE_NO_WARNINGS. See online help for details.
                 C:\Program Files (x86)\Microsoft Visual Studio 10.0\VC\include\string.h(157) : see declaration of 'strerror'
     1>DSCapture.cpp(56): warning C4018: '<' : signed/unsigned mismatch
     1>DSCapture.cpp(56): warning C4996: 'strerror': This function or variable may be unsafe. Consider using strerror_s instead. To disable deprecation, use _CRT_SECURE_NO_WARNINGS. See online help for details.
                 C:\Program Files (x86)\Microsoft Visual Studio 10.0\VC\include\string.h(157) : see declaration of 'strerror'
         source_export.cpp
     1>source_export.cpp(44): warning C4996: 'strerror': This function or variable may be unsafe. Consider using strerror_s instead. To disable deprecation, use _CRT_SECURE_NO_WARNINGS. See online help for details.
                 C:\Program Files (x86)\Microsoft Visual Studio 10.0\VC\include\string.h(157) : see declaration of 'strerror'
     1>source_export.cpp(52): warning C4996: 'strerror': This function or variable may be unsafe. Consider using strerror_s instead. To disable deprecation, use _CRT_SECURE_NO_WARNINGS. See online help for details.
                 C:\Program Files (x86)\Microsoft Visual Studio 10.0\VC\include\string.h(157) : see declaration of 'strerror'
         video_capture_ds.cpp
       Link:
         C:\Program Files (x86)\Microsoft Visual Studio 10.0\VC\bin\link.exe /ERRORREPORT:PROMPT /OUT:"D:\qt-projects\eclipse\ws\DirectShowSource\Release\libmlsdirectshowsource.dll" /INCREMENTAL:NO /NOLOGO kernel32.lib user32.lib gdi32.lib winspool.lib comdlg32.lib advapi32.lib shell32.lib ole32.lib oleaut32.lib uuid.lib odbc32.lib odbccp32.lib /MANIFEST /ManifestFile:"Release\libmlsdirectshowsource.dll.intermediate.manifest" /MANIFESTUAC:"level='asInvoker' uiAccess='false'" /DEBUG /PDB:"D:\qt-projects\eclipse\ws\DirectShowSource\Release\libmlsdirectshowsource.pdb" /SUBSYSTEM:WINDOWS /OPT:REF /OPT:ICF /LTCG /TLBID:1 /DYNAMICBASE /NXCOMPAT /IMPLIB:"D:\qt-projects\eclipse\ws\DirectShowSource\Release\libmlsdirectshowsource.lib" /MACHINE:X86 /DLL Release\dllmain.obj
         Release\DSCapture.obj
         Release\source_export.obj
         Release\video_capture_ds.obj
            Creating library D:\qt-projects\eclipse\ws\DirectShowSource\Release\libmlsdirectshowsource.lib and object D:\qt-projects\eclipse\ws\DirectShowSource\Release\libmlsdirectshowsource.exp
         Generating code
         Finished generating code
         DirectShowDLL.vcxproj -> D:\qt-projects\eclipse\ws\DirectShowSource\Release\libmlsdirectshowsource.dll
       Manifest:
         C:\Program Files (x86)\Microsoft SDKs\Windows\v7.0A\bin\mt.exe /nologo /verbose /outputresource:"D:\qt-projects\eclipse\ws\DirectShowSource\Release\libmlsdirectshowsource.dll;#2" /manifest Release\libmlsdirectshowsource.dll.intermediate.manifest
       FinalizeBuildStatus:
         Deleting file "Release\DirectShowCapture.unsuccessfulbuild".
         Touching "Release\DirectShowCapture.lastbuildstate".
     1>Done Building Project "D:\qt-projects\eclipse\ws\DirectShowSource\DirectShowDLL\DirectShowDLL.vcxproj" (rebuild target(s)).

Build succeeded.

Time Elapsed 00:00:04.21
