D:\qt-projects\eclipse\ws\DirectShowSource\DirectShowDLL\Release\cl.command.1.tlog
D:\qt-projects\eclipse\ws\DirectShowSource\DirectShowDLL\Release\CL.read.1.tlog
D:\qt-projects\eclipse\ws\DirectShowSource\DirectShowDLL\Release\CL.write.1.tlog
D:\qt-projects\eclipse\ws\DirectShowSource\DirectShowDLL\Release\DirectShowCapture.write.1.tlog
D:\QT-PROJECTS\ECLIPSE\WS\DIRECTSHOWSOURCE\DIRECTSHOWDLL\RELEASE\DLLMAIN.OBJ
D:\QT-PROJECTS\ECLIPSE\WS\DIRECTSHOWSOURCE\DIRECTSHOWDLL\RELEASE\DSCAPTURE.OBJ
D:\QT-PROJECTS\ECLIPSE\WS\DIRECTSHOWSOURCE\DIRECTSHOWDLL\RELEASE\LIBMLSDIRECTSHOWSOURCE.DLL.INTERMEDIATE.MANIFEST
D:\qt-projects\eclipse\ws\DirectShowSource\DirectShowDLL\Release\link.command.1.tlog
D:\qt-projects\eclipse\ws\DirectShowSource\DirectShowDLL\Release\link.read.1.tlog
D:\qt-projects\eclipse\ws\DirectShowSource\DirectShowDLL\Release\link.write.1.tlog
D:\qt-projects\eclipse\ws\DirectShowSource\DirectShowDLL\Release\mt.command.1.tlog
D:\qt-projects\eclipse\ws\DirectShowSource\DirectShowDLL\Release\mt.read.1.tlog
D:\qt-projects\eclipse\ws\DirectShowSource\DirectShowDLL\Release\mt.write.1.tlog
D:\QT-PROJECTS\ECLIPSE\WS\DIRECTSHOWSOURCE\DIRECTSHOWDLL\RELEASE\SOURCE_EXPORT.OBJ
D:\QT-PROJECTS\ECLIPSE\WS\DIRECTSHOWSOURCE\DIRECTSHOWDLL\RELEASE\VC100.PDB
D:\QT-PROJECTS\ECLIPSE\WS\DIRECTSHOWSOURCE\DIRECTSHOWDLL\RELEASE\VIDEO_CAPTURE_DS.OBJ
D:\QT-PROJECTS\ECLIPSE\WS\DIRECTSHOWSOURCE\RELEASE\LIBMLSDIRECTSHOWSOURCE.DLL
D:\qt-projects\eclipse\ws\DirectShowSource\Release\libmlsdirectshowsource.exp
D:\qt-projects\eclipse\ws\DirectShowSource\Release\libmlsdirectshowsource.lib
D:\QT-PROJECTS\ECLIPSE\WS\DIRECTSHOWSOURCE\RELEASE\LIBMLSDIRECTSHOWSOURCE.PDB
