D:\QT-PROJECTS\ECLIPSE\WS\DXOVERLAYSOURCE\DEBUG\DXOVERLAYSOURCE.DLL
D:\qt-projects\eclipse\ws\DXOverlaySource\Debug\DXOverlaySource.exp
D:\QT-PROJECTS\ECLIPSE\WS\DXOVERLAYSOURCE\DEBUG\DXOVERLAYSOURCE.ILK
D:\qt-projects\eclipse\ws\DXOverlaySource\Debug\DXOverlaySource.lib
D:\QT-PROJECTS\ECLIPSE\WS\DXOVERLAYSOURCE\DEBUG\DXOVERLAYSOURCE.PDB
d:\qt-projects\eclipse\ws\DXOverlaySource\DXOverlaySource\Debug\cl.command.1.tlog
d:\qt-projects\eclipse\ws\DXOverlaySource\DXOverlaySource\Debug\CL.read.1.tlog
d:\qt-projects\eclipse\ws\DXOverlaySource\DXOverlaySource\Debug\CL.write.1.tlog
D:\QT-PROJECTS\ECLIPSE\WS\DXOVERLAYSOURCE\DXOVERLAYSOURCE\DEBUG\DLLMAIN.OBJ
D:\QT-PROJECTS\ECLIPSE\WS\DXOVERLAYSOURCE\DXOVERLAYSOURCE\DEBUG\DXOVERLAYSOURCE.DLL.EMBED.MANIFEST
D:\QT-PROJECTS\ECLIPSE\WS\DXOVERLAYSOURCE\DXOVERLAYSOURCE\DEBUG\DXOVERLAYSOURCE.DLL.EMBED.MANIFEST.RES
D:\QT-PROJECTS\ECLIPSE\WS\DXOVERLAYSOURCE\DXOVERLAYSOURCE\DEBUG\DXOVERLAYSOURCE.DLL.INTERMEDIATE.MANIFEST
D:\QT-PROJECTS\ECLIPSE\WS\DXOVERLAYSOURCE\DXOVERLAYSOURCE\DEBUG\DXOVERLAYSOURCE.OBJ
D:\QT-PROJECTS\ECLIPSE\WS\DXOVERLAYSOURCE\DXOVERLAYSOURCE\DEBUG\DXOVERLAYSOURCE.PCH
d:\qt-projects\eclipse\ws\DXOverlaySource\DXOverlaySource\Debug\DXOverlaySource.write.1.tlog
d:\qt-projects\eclipse\ws\DXOverlaySource\DXOverlaySource\Debug\DXOverlaySource_manifest.rc
d:\qt-projects\eclipse\ws\DXOverlaySource\DXOverlaySource\Debug\link.1948.read.1.tlog
d:\qt-projects\eclipse\ws\DXOverlaySource\DXOverlaySource\Debug\link.1948.write.1.tlog
d:\qt-projects\eclipse\ws\DXOverlaySource\DXOverlaySource\Debug\link.1948-cvtres.read.1.tlog
d:\qt-projects\eclipse\ws\DXOverlaySource\DXOverlaySource\Debug\link.1948-cvtres.write.1.tlog
d:\qt-projects\eclipse\ws\DXOverlaySource\DXOverlaySource\Debug\link.command.1.tlog
d:\qt-projects\eclipse\ws\DXOverlaySource\DXOverlaySource\Debug\link.read.1.tlog
d:\qt-projects\eclipse\ws\DXOverlaySource\DXOverlaySource\Debug\link.write.1.tlog
d:\qt-projects\eclipse\ws\DXOverlaySource\DXOverlaySource\Debug\link-cvtres.read.1.tlog
d:\qt-projects\eclipse\ws\DXOverlaySource\DXOverlaySource\Debug\link-cvtres.write.1.tlog
d:\qt-projects\eclipse\ws\DXOverlaySource\DXOverlaySource\Debug\mt.command.1.tlog
d:\qt-projects\eclipse\ws\DXOverlaySource\DXOverlaySource\Debug\mt.read.1.tlog
d:\qt-projects\eclipse\ws\DXOverlaySource\DXOverlaySource\Debug\mt.write.1.tlog
d:\qt-projects\eclipse\ws\DXOverlaySource\DXOverlaySource\Debug\rc.command.1.tlog
d:\qt-projects\eclipse\ws\DXOverlaySource\DXOverlaySource\Debug\rc.read.1.tlog
d:\qt-projects\eclipse\ws\DXOverlaySource\DXOverlaySource\Debug\rc.write.1.tlog
D:\QT-PROJECTS\ECLIPSE\WS\DXOVERLAYSOURCE\DXOVERLAYSOURCE\DEBUG\SOURCE_EXPORT.OBJ
D:\QT-PROJECTS\ECLIPSE\WS\DXOVERLAYSOURCE\DXOVERLAYSOURCE\DEBUG\STDAFX.OBJ
d:\qt-projects\eclipse\ws\DXOverlaySource\DXOverlaySource\Debug\vc100.idb
D:\QT-PROJECTS\ECLIPSE\WS\DXOVERLAYSOURCE\DXOVERLAYSOURCE\DEBUG\VC100.PDB
